TN:
SF:src\db.js
FN:4,(anonymous_6)
FN:4,_callee
FN:4,getUserByUsername
FNF:3
FNH:3
FNDA:1,(anonymous_6)
FNDA:5,_callee
FNDA:1,getUserByUsername
DA:1,1
DA:2,1
DA:4,15
DA:5,1
DA:12,1
DA:14,1
DA:16,1
DA:21,1
LF:8
LH:8
BRDA:2,0,0,1
BRDA:2,0,1,0
BRDA:4,1,0,1
BRDA:4,1,1,1
BRDA:4,1,2,1
BRDA:4,1,3,0
BRDA:4,1,4,1
BRF:7
BRH:5
end_of_record
TN:
SF:src\mocha-setup.js
FNF:0
FNH:0
DA:1,1
DA:3,1
DA:4,1
DA:5,1
LF:4
LH:4
BRF:0
BRH:0
end_of_record
TN:
SF:src\server.js
FN:7,(anonymous_7)
FN:7,_callee
FNF:2
FNH:2
FNDA:3,(anonymous_7)
FNDA:6,_callee
DA:2,1
DA:3,1
DA:5,1
DA:7,23
DA:8,2
DA:10,1
DA:11,1
DA:13,1
DA:17,1
LF:9
LH:9
BRDA:7,0,0,2
BRDA:7,0,1,1
BRDA:7,0,2,1
BRDA:7,0,3,2
BRDA:7,0,4,2
BRF:5
BRH:5
end_of_record
TN:
SF:src\test-helpers.js
FN:5,(anonymous_6)
FN:5,_callee
FN:5,setDataBaseData
FN:18,(anonymous_10)
FN:18,_callee2
FN:18,getDatabaseData
FN:32,(anonymous_14)
FN:32,_callee3
FN:32,resetDatabase
FNF:9
FNH:9
FNDA:1,(anonymous_6)
FNDA:4,_callee
FNDA:1,setDataBaseData
FNDA:1,(anonymous_10)
FNDA:5,_callee2
FNDA:1,getDatabaseData
FNDA:1,(anonymous_14)
FNDA:4,_callee3
FNDA:1,resetDatabase
DA:1,1
DA:2,1
DA:5,12
DA:6,1
DA:13,1
DA:15,1
DA:18,15
DA:19,1
DA:26,1
DA:27,1
DA:28,1
DA:32,12
DA:33,1
DA:40,1
DA:42,1
LF:15
LH:15
BRDA:2,0,0,1
BRDA:2,0,1,0
BRDA:5,1,0,1
BRDA:5,1,1,1
BRDA:5,1,2,1
BRDA:5,1,3,1
BRDA:5,1,4,1
BRDA:18,2,0,1
BRDA:18,2,1,1
BRDA:18,2,2,1
BRDA:18,2,3,0
BRDA:18,2,4,1
BRDA:32,3,0,1
BRDA:32,3,1,1
BRDA:32,3,2,1
BRDA:32,3,3,1
BRDA:32,3,4,1
BRF:17
BRH:15
end_of_record
